2024-10-01 23:56:26 INFO     辅种脚本启动
2024-10-01 23:56:26 INFO     尝试连接到下载器: 实例
2024-10-01 23:56:26 INFO     下载种子: 大话西游之月光宝盒.A.Chinese.Odyssey.Part.1.1995.BluRay.1080p.x265.10bit.2Audio.MNHD-FRDS, 保存至 torrents/sl/dc57b00b6879412ad12f2c980f9fe973a9156069.torrent
2024-10-01 23:56:26 INFO     下载种子: Bad Boys Ride Or Die (2024) [Will Smith] 1080p BluRay H264 DolbyD 5.1 + nickarad, 保存至 torrents/sl/7d8fcccdfe60213cc540a47086a5cdc0d3ebb528.torrent
2024-10-01 23:56:26 INFO     当前种子库：2 个种子
2024-10-01 23:56:27 INFO     种子pieces_info:98b1e74bf608a5bd13f84e3a578090f78f64a6f0
2024-10-01 23:56:27 INFO     dc57b00b6879412ad12f2c980f9fe973a9156069.torrent ：正在添加到下载器中
2024-10-01 23:56:27 INFO     种子pieces_info:4978625f66afef8e929184c9cdfe0393fac7a3a8
2024-10-01 23:56:27 INFO     7d8fcccdfe60213cc540a47086a5cdc0d3ebb528.torrent ：正在添加到下载器中
2024-10-01 23:56:27 INFO     可辅种数：2 个种子
2024-10-01 23:56:27 INFO     辅种 URL 列表: ['https://kufei.org/download.php?id=16149&passkey=f78815cd97af9638333f5b6bf0a0722c', 'https://kufei.org/download.php?id=16024&passkey=f78815cd97af9638333f5b6bf0a0722c']
2024-10-01 23:56:27 INFO     辅种结束
2024-10-01 23:57:27 INFO     辅种脚本启动
2024-10-01 23:57:27 INFO     尝试连接到下载器: 实例
2024-10-01 23:57:27 INFO     下载种子: 大话西游之月光宝盒.A.Chinese.Odyssey.Part.1.1995.BluRay.1080p.x265.10bit.2Audio.MNHD-FRDS, 保存至 torrents/sl/137cb94a3375e23c38d87597aaa3049c723ce5fe.torrent
2024-10-01 23:57:27 INFO     当前种子库：1 个种子
2024-10-01 23:57:27 INFO     种子pieces_info:98b1e74bf608a5bd13f84e3a578090f78f64a6f0
2024-10-01 23:57:27 INFO     137cb94a3375e23c38d87597aaa3049c723ce5fe.torrent ：正在添加到下载器中
2024-10-01 23:57:27 INFO     可辅种数：1 个种子
2024-10-01 23:57:27 INFO     辅种 URL 列表: ['https://kufei.org/download.php?id=16149&passkey=f78815cd97af9638333f5b6bf0a0722c']
2024-10-01 23:57:27 INFO     辅种结束
2024-10-01 23:58:27 INFO     辅种脚本启动
2024-10-01 23:58:27 INFO     尝试连接到下载器: 实例
2024-10-01 23:58:27 INFO     当前种子库：0 个种子
2024-10-01 23:58:27 INFO     可辅种数：0 个种子
2024-10-01 23:58:27 INFO     辅种 URL 列表: []
2024-10-01 23:58:27 INFO     辅种结束
2024-10-01 23:59:27 INFO     辅种脚本启动
2024-10-01 23:59:27 INFO     尝试连接到下载器: 实例
2024-10-01 23:59:27 INFO     当前种子库：0 个种子
2024-10-01 23:59:27 INFO     可辅种数：0 个种子
2024-10-01 23:59:27 INFO     辅种 URL 列表: []
2024-10-01 23:59:27 INFO     辅种结束
2024-10-02 00:00:27 INFO     辅种脚本启动
2024-10-02 00:00:27 INFO     尝试连接到下载器: 实例
2024-10-02 00:00:27 INFO     当前种子库：0 个种子
2024-10-02 00:00:27 INFO     可辅种数：0 个种子
2024-10-02 00:00:27 INFO     辅种 URL 列表: []
2024-10-02 00:00:27 INFO     辅种结束
2024-10-02 00:16:17 INFO     辅种脚本启动
2024-10-02 00:16:17 INFO     尝试连接到下载器: 实例
2024-10-02 00:16:17 INFO     当前种子库：0 个种子
2024-10-02 00:16:17 INFO     可辅种数：0 个种子
2024-10-02 00:16:17 INFO     辅种 URL 列表: []
2024-10-02 00:16:17 INFO     辅种结束
